{
  "RSpec": {
    "coverage": {
      "/home/heolix/Pulpit/testowanie-w-ruby/zad3/lib/kupon.rb": [
        1,
        null,
        1,
        null,
        1,
        null,
        16,
        16,
        null,
        16,
        1,
        null,
        null,
        null,
        1,
        26,
        null,
        1,
        4,
        null,
        null,
        1,
        0,
        0,
        0,
        0,
        null,
        1,
        6,
        18,
        6,
        null,
        null,
        1,
        4,
        null,
        null,
        1,
        1,
        2,
        null,
        null,
        1,
        1,
        2,
        null,
        null,
        null
      ],
      "/home/heolix/Pulpit/testowanie-w-ruby/zad3/spec/Integration/Zaklad_intergration_spec.rb": [
        1,
        null,
        1,
        1,
        null,
        1,
        1,
        null,
        null,
        1,
        null,
        1,
        null,
        2,
        1,
        null,
        2,
        null,
        null,
        null,
        1,
        null,
        8,
        7,
        7,
        4,
        6,
        1,
        1,
        null,
        null,
        null,
        2,
        null,
        null,
        null,
        1,
        null,
        null,
        1,
        2,
        null,
        null,
        1,
        1,
        1,
        1,
        1,
        null,
        null,
        null,
        null,
        1,
        1,
        null,
        1,
        1,
        1,
        1,
        null,
        1,
        null,
        null,
        null,
        1,
        1,
        null,
        1,
        1,
        1,
        1,
        1,
        null,
        null,
        null,
        1,
        1,
        null,
        1,
        1,
        1,
        1,
        1,
        null,
        null,
        null,
        1,
        1,
        null,
        1,
        1,
        1,
        1,
        1,
        null,
        null,
        null,
        null,
        null,
        null
      ],
      "/home/heolix/Pulpit/testowanie-w-ruby/zad3/lib/zaklad.rb": [
        1,
        null,
        1,
        null,
        null,
        1,
        33,
        33,
        33,
        33,
        null,
        null,
        1,
        48,
        null,
        1,
        4,
        null,
        null,
        1,
        4,
        null,
        null,
        1,
        14,
        null,
        null,
        1,
        6,
        null,
        null,
        1,
        38,
        null,
        null
      ],
      "/home/heolix/Pulpit/testowanie-w-ruby/zad3/lib/wydarzenie.rb": [
        1,
        null,
        1,
        null,
        1,
        1,
        null,
        23,
        null,
        23,
        23,
        null,
        null,
        1,
        2,
        null,
        null,
        null
      ],
      "/home/heolix/Pulpit/testowanie-w-ruby/zad3/spec/unit/kupon_spec.rb": [
        1,
        null,
        1,
        1,
        null,
        1,
        null,
        null,
        1,
        null,
        1,
        1,
        1,
        1,
        1,
        7,
        6,
        1,
        1,
        null,
        2,
        null,
        null,
        1,
        null,
        2,
        null,
        null,
        null,
        1,
        1,
        1,
        null,
        2,
        null,
        null,
        1,
        1,
        1,
        1,
        1,
        null,
        null,
        null,
        1,
        1,
        1,
        1,
        1,
        null,
        2,
        null,
        null,
        1,
        1,
        1,
        1,
        1,
        1,
        null,
        null,
        null,
        1,
        1,
        null,
        1,
        1,
        1,
        1,
        1,
        1,
        1,
        null,
        1,
        null,
        null,
        null,
        1,
        1,
        1,
        1,
        1,
        1,
        1,
        null,
        null,
        null,
        1,
        1,
        1,
        1,
        1,
        1,
        null,
        null,
        null,
        null
      ],
      "/home/heolix/Pulpit/testowanie-w-ruby/zad3/spec/unit/opcja_spec.rb": [
        1,
        1,
        null,
        1,
        null,
        1,
        null,
        1,
        null,
        1,
        2,
        null,
        null,
        1,
        1,
        2,
        null,
        null,
        null,
        1,
        1,
        1,
        null,
        null,
        null,
        1,
        1,
        1,
        null,
        null,
        null,
        1,
        1,
        1,
        null,
        null,
        null,
        1,
        1,
        1,
        null,
        null,
        null,
        1,
        1,
        1,
        null,
        null,
        null,
        null
      ],
      "/home/heolix/Pulpit/testowanie-w-ruby/zad3/lib/opcja.rb": [
        1,
        null,
        1,
        1,
        null,
        41,
        null,
        41,
        41,
        41,
        1,
        null,
        null,
        null,
        1,
        1,
        null,
        null,
        1,
        1,
        null,
        null,
        null,
        null
      ],
      "/home/heolix/Pulpit/testowanie-w-ruby/zad3/spec/unit/wydarzenie_spec.rb": [
        1,
        1,
        null,
        1,
        null,
        1,
        null,
        1,
        null,
        1,
        2,
        null,
        null,
        1,
        1,
        1,
        null,
        null,
        null,
        1,
        1,
        1,
        null,
        null,
        null,
        1,
        1,
        1,
        null,
        null,
        null,
        1,
        1,
        1,
        null,
        null,
        null
      ],
      "/home/heolix/Pulpit/testowanie-w-ruby/zad3/spec/unit/zaklad_spec.rb": [
        1,
        null,
        1,
        1,
        null,
        1,
        null,
        null,
        1,
        null,
        1,
        null,
        1,
        1,
        2,
        null,
        null,
        null,
        1,
        1,
        null,
        1,
        1,
        null,
        2,
        null,
        null,
        null,
        1,
        3,
        3,
        2,
        3,
        null,
        1,
        2,
        null,
        null,
        1,
        1,
        1,
        1,
        1,
        null,
        null,
        null,
        null,
        1,
        1,
        null,
        1,
        1,
        1,
        1,
        1,
        1,
        1,
        null,
        1,
        null,
        null,
        null,
        1,
        1,
        null,
        1,
        1,
        1,
        1,
        1,
        1,
        1,
        1,
        1,
        null,
        null,
        null,
        1,
        1,
        null,
        1,
        1,
        1,
        1,
        1,
        1,
        1,
        1,
        1,
        1,
        null,
        null,
        null,
        1,
        1,
        null,
        1,
        1,
        1,
        1,
        1,
        1,
        1,
        1,
        1,
        1,
        null,
        null,
        null,
        null,
        1,
        1,
        null,
        1,
        null,
        null,
        null
      ]
    },
    "timestamp": 1416474151
  }
}
