{
  "RSpec": {
    "coverage": {
      "/home/heolix/Pulpit/testowanie-w-ruby/zad2/szyfrowanie/szyfrowanieBiblioteka.rb": [
        1,
        null,
        1,
        null,
        1,
        0,
        0,
        0,
        0,
        0,
        0,
        null,
        null,
        1,
        0,
        0,
        0,
        0,
        0,
        0,
        null,
        null
      ],
      "/home/heolix/Pulpit/testowanie-w-ruby/zad2/spec/ZipLib_spec.rb": [
        1,
        1,
        null,
        1,
        null,
        null,
        0,
        0,
        0,
        null,
        0,
        null,
        0,
        0,
        null,
        null,
        null,
        0,
        0,
        0,
        null,
        0,
        0,
        null,
        0,
        0,
        null,
        null,
        null
      ],
      "/home/heolix/Pulpit/testowanie-w-ruby/zad2/zipunzip/ZipLib.rb": [
        1,
        1,
        null,
        0,
        null,
        0,
        null,
        0,
        0,
        0,
        null,
        null,
        null,
        null,
        0,
        0,
        0,
        null,
        null,
        null,
        null,
        null,
        null
      ]
    },
    "timestamp": 1416474127
  }
}
